[2020-02-03 20:44:58][102] Processing: App\Jobs\SendPushNotifications
[2020-02-03 20:44:58][102] Processed:  App\Jobs\SendPushNotifications
[2020-02-03 20:45:13][103] Processing: App\Jobs\SendPushNotifications
[2020-02-03 20:45:13][103] Processed:  App\Jobs\SendPushNotifications
[2020-02-03 20:45:28][104] Processing: App\Jobs\SendPushNotifications
[2020-02-03 20:45:29][104] Processed:  App\Jobs\SendPushNotifications
[2020-02-03 20:45:46][105] Processing: App\Jobs\SendPushNotifications
[2020-02-03 20:45:47][105] Processed:  App\Jobs\SendPushNotifications
[2020-02-03 20:45:56][106] Processing: App\Jobs\SendPushNotifications
[2020-02-03 20:45:56][106] Processed:  App\Jobs\SendPushNotifications
[2020-02-03 20:46:11][107] Processing: App\Jobs\SendPushNotifications
[2020-02-03 20:46:11][107] Processed:  App\Jobs\SendPushNotifications
[2020-02-03 20:46:26][108] Processing: App\Jobs\SendPushNotifications
[2020-02-03 20:46:26][108] Processed:  App\Jobs\SendPushNotifications
[2020-02-03 20:46:47][109] Processing: App\Jobs\SendPushNotifications
[2020-02-03 20:46:47][109] Processed:  App\Jobs\SendPushNotifications
[2020-02-03 20:47:08][110] Processing: App\Jobs\SendPushNotifications
[2020-02-03 20:47:08][110] Processed:  App\Jobs\SendPushNotifications
[2020-02-03 20:47:23][111] Processing: App\Jobs\SendPushNotifications
[2020-02-03 20:47:23][111] Processed:  App\Jobs\SendPushNotifications
[2020-02-03 20:47:35][112] Processing: App\Jobs\SendPushNotifications
[2020-02-03 20:47:35][112] Processed:  App\Jobs\SendPushNotifications
[2020-02-03 20:47:59][113] Processing: App\Jobs\SendPushNotifications
[2020-02-03 20:47:59][113] Processed:  App\Jobs\SendPushNotifications
[2020-02-03 20:48:44][114] Processing: App\Jobs\SendPushNotifications
[2020-02-03 20:48:44][114] Processed:  App\Jobs\SendPushNotifications
[2020-02-03 20:48:53][115] Processing: App\Jobs\SendPushNotifications
[2020-02-03 20:48:53][115] Processed:  App\Jobs\SendPushNotifications
[2020-02-03 20:49:05][116] Processing: App\Jobs\SendPushNotifications
[2020-02-03 20:49:05][116] Processed:  App\Jobs\SendPushNotifications
[2020-02-03 20:49:29][117] Processing: App\Jobs\SendPushNotifications
[2020-02-03 20:49:29][117] Processed:  App\Jobs\SendPushNotifications
[2020-02-03 20:49:53][118] Processing: App\Jobs\SendPushNotifications
[2020-02-03 20:49:53][118] Processed:  App\Jobs\SendPushNotifications
[2020-02-03 20:50:02][119] Processing: App\Jobs\SendPushNotifications
[2020-02-03 20:50:02][119] Processed:  App\Jobs\SendPushNotifications
[2020-02-03 20:51:59][120] Processing: App\Jobs\SendPushNotifications
[2020-02-03 20:51:59][120] Processed:  App\Jobs\SendPushNotifications
[2020-02-03 20:59:29][13] Processing: App\Jobs\SendPushNotifications
[2020-02-03 20:59:30][13] Processed:  App\Jobs\SendPushNotifications
[2020-02-04 08:30:56][14] Processing: App\Jobs\SendPushNotifications
[2020-02-04 08:30:56][14] Processed:  App\Jobs\SendPushNotifications
[2020-02-05 06:22:49][15] Processing: App\Jobs\SendPushNotifications
[2020-02-05 06:22:49][15] Processed:  App\Jobs\SendPushNotifications
[2020-02-05 08:26:35][16] Processing: App\Jobs\SendPushNotifications
[2020-02-05 08:26:35][16] Failed:     App\Jobs\SendPushNotifications
[2020-02-05 08:27:08][17] Processing: App\Jobs\SendPushNotifications
[2020-02-05 08:27:08][17] Processed:  App\Jobs\SendPushNotifications
[2020-02-07 06:30:01][18] Processing: App\Jobs\SendPushNotifications
[2020-02-07 06:30:01][18] Failed:     App\Jobs\SendPushNotifications
[2020-02-07 07:40:18][19] Processing: App\Jobs\SendPushNotifications
[2020-02-07 07:40:18][19] Failed:     App\Jobs\SendPushNotifications
[2020-02-07 08:26:46][20] Processing: App\Jobs\SendPushNotifications
[2020-02-07 08:26:46][20] Failed:     App\Jobs\SendPushNotifications
[2020-02-07 08:58:44][21] Processing: App\Jobs\SendPushNotifications
[2020-02-07 08:58:44][21] Failed:     App\Jobs\SendPushNotifications
[2020-02-07 09:06:20][22] Processing: App\Jobs\SendPushNotifications
[2020-02-07 09:06:20][22] Failed:     App\Jobs\SendPushNotifications
[2020-02-07 09:11:00][23] Processing: App\Jobs\SendPushNotifications
[2020-02-07 09:11:00][23] Failed:     App\Jobs\SendPushNotifications
[2020-02-07 09:42:31][24] Processing: App\Jobs\SendPushNotifications
[2020-02-07 09:42:31][24] Failed:     App\Jobs\SendPushNotifications
[2020-02-12 17:55:23][25] Processing: App\Jobs\SendPushNotifications
[2020-02-12 17:55:24][25] Processed:  App\Jobs\SendPushNotifications
[2020-02-12 17:56:09][26] Processing: App\Jobs\SendPushNotifications
[2020-02-12 17:56:09][26] Processed:  App\Jobs\SendPushNotifications
[2020-02-12 17:56:27][27] Processing: App\Jobs\SendPushNotifications
[2020-02-12 17:56:27][27] Processed:  App\Jobs\SendPushNotifications
[2020-02-14 12:05:36][28] Processing: App\Jobs\SendPushNotifications
[2020-02-14 12:05:36][28] Processed:  App\Jobs\SendPushNotifications
[2020-02-20 17:13:02][29] Processing: App\Jobs\SendPushNotifications
[2020-02-20 17:13:02][29] Failed:     App\Jobs\SendPushNotifications
[2020-02-20 17:53:51][30] Processing: App\Jobs\SendPushNotifications
[2020-02-20 17:53:51][30] Processed:  App\Jobs\SendPushNotifications
[2020-02-27 11:22:03][31] Processing: App\Jobs\SendPushNotifications
[2020-02-27 11:22:04][31] Processed:  App\Jobs\SendPushNotifications
[2020-02-27 11:22:54][32] Processing: App\Jobs\SendPushNotifications
[2020-02-27 11:22:55][32] Processed:  App\Jobs\SendPushNotifications
[2020-02-27 11:26:31][33] Processing: App\Jobs\SendPushNotifications
[2020-02-27 11:26:31][33] Processed:  App\Jobs\SendPushNotifications
[2020-02-29 05:51:48][34] Processing: App\Jobs\SendPushNotifications
[2020-02-29 05:51:48][34] Processed:  App\Jobs\SendPushNotifications
[2020-03-03 11:22:37][35] Processing: App\Jobs\SendPushNotifications
[2020-03-03 11:22:37][35] Failed:     App\Jobs\SendPushNotifications
[2020-03-03 15:55:09][36] Processing: App\Jobs\SendPushNotifications
[2020-03-03 15:55:09][36] Processed:  App\Jobs\SendPushNotifications
[2020-03-04 06:49:12][37] Processing: App\Jobs\SendPushNotifications
[2020-03-04 06:49:12][37] Processed:  App\Jobs\SendPushNotifications
[2020-03-04 16:44:08][38] Processing: App\Jobs\SendPushNotifications
[2020-03-04 16:44:09][38] Processed:  App\Jobs\SendPushNotifications
[2020-03-06 11:01:27][39] Processing: App\Jobs\SendPushNotifications
[2020-03-06 11:01:28][39] Processed:  App\Jobs\SendPushNotifications
[2020-03-06 12:54:55][40] Processing: App\Jobs\SendPushNotifications
[2020-03-06 12:54:55][40] Failed:     App\Jobs\SendPushNotifications

   UnexpectedValueException  : The stream or file "/var/www/html/storage/logs/laravel-2020-03-06.log" could not be opened: failed to open stream: Permission denied

  at /var/www/html/vendor/monolog/monolog/src/Monolog/Handler/StreamHandler.php:110
    106|             restore_error_handler();
    107|             if (!is_resource($this->stream)) {
    108|                 $this->stream = null;
    109| 
  > 110|                 throw new \UnexpectedValueException(sprintf('The stream or file "%s" could not be opened: '.$this->errorMessage, $this->url));
    111|             }
    112|         }
    113| 
    114|         if ($this->useLocking) {

  Exception trace:

  1   Monolog\Handler\StreamHandler::write()
      /var/www/html/vendor/monolog/monolog/src/Monolog/Handler/RotatingFileHandler.php:120

  2   Monolog\Handler\RotatingFileHandler::write()
      /var/www/html/vendor/monolog/monolog/src/Monolog/Handler/AbstractProcessingHandler.php:42

  Please use the argument -v to see more details.
[2020-03-07 06:58:32][41] Processing: App\Jobs\SendPushNotifications
[2020-03-07 06:58:32][41] Processed:  App\Jobs\SendPushNotifications
[2020-03-07 11:07:01][42] Processing: App\Jobs\SendPushNotifications
[2020-03-07 11:07:05][42] Processed:  App\Jobs\SendPushNotifications
[2020-03-08 09:20:01][43] Processing: App\Jobs\SendPushNotifications
[2020-03-08 09:20:01][43] Processed:  App\Jobs\SendPushNotifications
[2020-03-08 13:18:59][44] Processing: App\Jobs\SendPushNotifications
[2020-03-08 13:19:00][44] Processed:  App\Jobs\SendPushNotifications
[2020-03-09 11:50:21][45] Processing: App\Jobs\SendPushNotifications
[2020-03-09 11:50:21][45] Processed:  App\Jobs\SendPushNotifications
[2020-03-10 05:44:31][46] Processing: App\Jobs\SendPushNotifications
[2020-03-10 05:44:31][46] Processed:  App\Jobs\SendPushNotifications
[2020-03-10 08:38:42][47] Processing: App\Jobs\SendPushNotifications
[2020-03-10 08:38:43][47] Processed:  App\Jobs\SendPushNotifications
[2020-03-11 07:35:08][48] Processing: App\Jobs\SendPushNotifications
[2020-03-11 07:35:08][48] Processed:  App\Jobs\SendPushNotifications
[2020-03-11 12:08:34][49] Processing: App\Jobs\SendPushNotifications
[2020-03-11 12:08:34][49] Failed:     App\Jobs\SendPushNotifications
[2020-03-11 12:24:10][50] Processing: App\Jobs\SendPushNotifications
[2020-03-11 12:24:11][50] Processed:  App\Jobs\SendPushNotifications
[2020-03-13 12:40:14][51] Processing: App\Jobs\SendPushNotifications
[2020-03-13 12:40:14][51] Processed:  App\Jobs\SendPushNotifications
[2020-03-13 14:24:53][52] Processing: App\Jobs\SendPushNotifications
[2020-03-13 14:24:53][52] Processed:  App\Jobs\SendPushNotifications
[2020-03-13 14:31:03][53] Processing: App\Jobs\SendPushNotifications
[2020-03-13 14:31:03][53] Failed:     App\Jobs\SendPushNotifications
[2020-03-16 14:31:02][54] Processing: App\Jobs\SendPushNotifications
[2020-03-16 14:31:02][54] Processed:  App\Jobs\SendPushNotifications
[2020-03-17 07:30:05][55] Processing: App\Jobs\SendPushNotifications
[2020-03-17 07:30:05][55] Processed:  App\Jobs\SendPushNotifications
[2020-03-19 06:17:14][56] Processing: App\Jobs\SendPushNotifications
[2020-03-19 06:17:14][56] Processed:  App\Jobs\SendPushNotifications
[2020-03-23 12:33:17][57] Processing: App\Jobs\SendPushNotifications
[2020-03-23 12:33:18][57] Processed:  App\Jobs\SendPushNotifications
[2020-03-28 08:06:38][58] Processing: App\Jobs\SendPushNotifications
[2020-03-28 08:06:38][58] Processed:  App\Jobs\SendPushNotifications
[2020-03-30 07:01:50][59] Processing: App\Jobs\SendPushNotifications
[2020-03-30 07:01:51][59] Processed:  App\Jobs\SendPushNotifications
[2020-03-31 04:37:25][60] Processing: App\Jobs\SendPushNotifications
[2020-03-31 04:37:26][60] Processed:  App\Jobs\SendPushNotifications
[2020-03-31 05:39:24][61] Processing: App\Jobs\SendPushNotifications
[2020-03-31 05:39:25][61] Processed:  App\Jobs\SendPushNotifications
[2020-03-31 13:37:15][62] Processing: App\Jobs\SendPushNotifications
[2020-03-31 13:37:15][62] Failed:     App\Jobs\SendPushNotifications
[2020-04-07 15:38:55][63] Processing: App\Jobs\SendPushNotifications
[2020-04-07 15:38:56][63] Processed:  App\Jobs\SendPushNotifications
[2020-04-09 15:19:37][64] Processing: App\Jobs\SendPushNotifications
[2020-04-09 15:19:38][64] Processed:  App\Jobs\SendPushNotifications
[2020-04-15 11:46:32][65] Processing: App\Jobs\SendPushNotifications
[2020-04-15 11:46:34][65] Processed:  App\Jobs\SendPushNotifications
[2020-04-16 06:00:24][66] Processing: App\Jobs\SendPushNotifications
[2020-04-16 06:00:25][66] Processed:  App\Jobs\SendPushNotifications
[2020-04-28 08:21:35][67] Processing: App\Jobs\SendPushNotifications
[2020-04-28 08:21:36][67] Processed:  App\Jobs\SendPushNotifications
[2020-05-01 12:25:45][68] Processing: App\Jobs\SendPushNotifications
[2020-05-01 12:25:45][68] Failed:     App\Jobs\SendPushNotifications
[2020-05-04 05:41:07][69] Processing: App\Jobs\SendPushNotifications
[2020-05-04 05:41:09][69] Processed:  App\Jobs\SendPushNotifications
